<?xml version="1.0" encoding="UTF-8"?>
<robot generator="Robot 7.2.2 (Python 3.12.9 on linux)" generated="2025-02-26T23:39:58.380431" rpa="false" schemaversion="5">
<suite id="s1" name="LoginTestcases" source="/home/siwat/Desktop/project/Testcases_with_RobotFramework_Selenium/HomeWork/testcases/LoginTestcases.robot">
<kw name="Open Browser And Maximize" type="SETUP">
<kw name="Open Browser" owner="SeleniumLibrary">
<msg time="2025-02-26T23:39:58.501680" level="INFO">Opening browser 'chrome' to base url 'https://url.in.th/#google_vignette'.</msg>
<arg>${baseUrl}</arg>
<arg>browser=chrome</arg>
<doc>Opens a new browser instance to the optional ``url``.</doc>
<status status="PASS" start="2025-02-26T23:39:58.501296" elapsed="4.109796"/>
</kw>
<kw name="Maximize Browser Window" owner="SeleniumLibrary">
<doc>Maximizes current browser window.</doc>
<status status="PASS" start="2025-02-26T23:40:02.611361" elapsed="0.034799"/>
</kw>
<status status="PASS" start="2025-02-26T23:39:58.500242" elapsed="4.146207"/>
</kw>
<test id="s1-t1" name="As a user, I want to login success with valid credential, convert url to short url and copy" line="16">
<kw name="When LoginPageKeywords.user login to url.in.th platform with ${email} and ${valid_password}" owner="LoginPageKeywords" source_name="user login to url.in.th platform with ${username} and ${password}">
<kw name="Wait until element is ready then click element" owner="CommonKeywords">
<kw name="Wait Until Keyword Succeeds" owner="BuiltIn">
<kw name="Click Element" owner="SeleniumLibrary">
<msg time="2025-02-26T23:40:02.653631" level="INFO">Clicking element 'xpath=//a[@class="nav-link" and text() = "เข้าสู่ระบบ"]'.</msg>
<arg>${locator}</arg>
<doc>Click the element identified by ``locator``.</doc>
<status status="PASS" start="2025-02-26T23:40:02.652814" elapsed="0.443738"/>
</kw>
<arg>5x</arg>
<arg>2s</arg>
<arg>Click Element</arg>
<arg>${locator}</arg>
<doc>Runs the specified keyword and retries if it fails.</doc>
<status status="PASS" start="2025-02-26T23:40:02.652391" elapsed="0.444295"/>
</kw>
<arg>xpath=//a[@class="nav-link" and text() = "เข้าสู่ระบบ"]</arg>
<status status="PASS" start="2025-02-26T23:40:02.651976" elapsed="0.444825"/>
</kw>
<kw name="Wait until element is ready then input text" owner="CommonKeywords">
<kw name="Wait Until Keyword Succeeds" owner="BuiltIn">
<kw name="Input Text" owner="SeleniumLibrary">
<msg time="2025-02-26T23:40:03.097848" level="INFO">Typing text 'pondteste23@gmail.com' into text field 'id=input-email'.</msg>
<arg>${locator}</arg>
<arg>${text}</arg>
<doc>Types the given ``text`` into the text field identified by ``locator``.</doc>
<status status="PASS" start="2025-02-26T23:40:03.097595" elapsed="0.074928"/>
</kw>
<arg>5x</arg>
<arg>2s</arg>
<arg>Input Text</arg>
<arg>${locator}</arg>
<arg>${text}</arg>
<doc>Runs the specified keyword and retries if it fails.</doc>
<status status="PASS" start="2025-02-26T23:40:03.097333" elapsed="0.075325"/>
</kw>
<arg>id=input-email</arg>
<arg>${username}</arg>
<status status="PASS" start="2025-02-26T23:40:03.096963" elapsed="0.075804"/>
</kw>
<kw name="Wait until element is ready then input text" owner="CommonKeywords">
<kw name="Wait Until Keyword Succeeds" owner="BuiltIn">
<kw name="Input Text" owner="SeleniumLibrary">
<msg time="2025-02-26T23:40:03.173797" level="INFO">Typing text 'fedfe0991815920' into text field 'id=input-password'.</msg>
<arg>${locator}</arg>
<arg>${text}</arg>
<doc>Types the given ``text`` into the text field identified by ``locator``.</doc>
<status status="PASS" start="2025-02-26T23:40:03.173556" elapsed="0.052074"/>
</kw>
<arg>5x</arg>
<arg>2s</arg>
<arg>Input Text</arg>
<arg>${locator}</arg>
<arg>${text}</arg>
<doc>Runs the specified keyword and retries if it fails.</doc>
<status status="PASS" start="2025-02-26T23:40:03.173305" elapsed="0.052465"/>
</kw>
<arg>id=input-password</arg>
<arg>${password}</arg>
<status status="PASS" start="2025-02-26T23:40:03.172928" elapsed="0.052954"/>
</kw>
<kw name="Wait until element is ready then click element" owner="CommonKeywords">
<kw name="Wait Until Keyword Succeeds" owner="BuiltIn">
<kw name="Click Element" owner="SeleniumLibrary">
<msg time="2025-02-26T23:40:03.227179" level="INFO">Clicking element 'xpath=//button[@type="submit" and text() = "เข้าสู่ระบบ"]'.</msg>
<arg>${locator}</arg>
<doc>Click the element identified by ``locator``.</doc>
<status status="PASS" start="2025-02-26T23:40:03.226943" elapsed="1.216956"/>
</kw>
<arg>5x</arg>
<arg>2s</arg>
<arg>Click Element</arg>
<arg>${locator}</arg>
<doc>Runs the specified keyword and retries if it fails.</doc>
<status status="PASS" start="2025-02-26T23:40:03.226678" elapsed="1.217354"/>
</kw>
<arg>xpath=//button[@type="submit" and text() = "เข้าสู่ระบบ"]</arg>
<status status="PASS" start="2025-02-26T23:40:03.226086" elapsed="1.218068"/>
</kw>
<status status="PASS" start="2025-02-26T23:40:02.648800" elapsed="1.795464"/>
</kw>
<kw name="Then HomePageKeywords.url.in.th should display home page and display message as &quot;กิจกรรมล่าสุด&quot;" owner="HomePageKeywords" source_name="url.in.th should display home page and display message as &quot;${expected_message}&quot;">
<kw name="Wait until page contains element then verify text" owner="CommonKeywords">
<kw name="Wait Until Keyword Succeeds" owner="BuiltIn">
<kw name="Page Should Contain" owner="SeleniumLibrary">
<msg time="2025-02-26T23:40:04.463907" level="INFO">Current page contains text 'กิจกรรมล่าสุด'.</msg>
<arg>${expected_text}</arg>
<doc>Verifies that current page contains ``text``.</doc>
<status status="PASS" start="2025-02-26T23:40:04.447686" elapsed="0.016458"/>
</kw>
<arg>5x</arg>
<arg>2s</arg>
<arg>Page Should Contain</arg>
<arg>${expected_text}</arg>
<doc>Runs the specified keyword and retries if it fails.</doc>
<status status="PASS" start="2025-02-26T23:40:04.447332" elapsed="0.016984"/>
</kw>
<arg>${expected_message}</arg>
<status status="PASS" start="2025-02-26T23:40:04.446944" elapsed="0.017584"/>
</kw>
<status status="PASS" start="2025-02-26T23:40:04.445643" elapsed="0.019055"/>
</kw>
<kw name="Then CommonKeywords.Wait until element is ready then input text" owner="CommonKeywords">
<kw name="Wait Until Keyword Succeeds" owner="BuiltIn">
<kw name="Input Text" owner="SeleniumLibrary">
<msg time="2025-02-26T23:40:04.468379" level="INFO">Typing text 'https://policywatch.thaipbs.or.th/article/environment-21' into text field 'id=url'.</msg>
<arg>${locator}</arg>
<arg>${text}</arg>
<doc>Types the given ``text`` into the text field identified by ``locator``.</doc>
<status status="PASS" start="2025-02-26T23:40:04.468021" elapsed="0.087568"/>
</kw>
<arg>5x</arg>
<arg>2s</arg>
<arg>Input Text</arg>
<arg>${locator}</arg>
<arg>${text}</arg>
<doc>Runs the specified keyword and retries if it fails.</doc>
<status status="PASS" start="2025-02-26T23:40:04.467735" elapsed="0.087992"/>
</kw>
<arg>locator=id=url</arg>
<arg>text=https://policywatch.thaipbs.or.th/article/environment-21</arg>
<status status="PASS" start="2025-02-26T23:40:04.466200" elapsed="0.089637"/>
</kw>
<kw name="Then CommonKeywords.Wait until element is ready then click element" owner="CommonKeywords">
<kw name="Wait Until Keyword Succeeds" owner="BuiltIn">
<kw name="Click Element" owner="SeleniumLibrary">
<msg time="2025-02-26T23:40:04.559145" level="INFO">Clicking element 'xpath=//span[text()="ย่อลิงค์"]'.</msg>
<arg>${locator}</arg>
<doc>Click the element identified by ``locator``.</doc>
<status status="PASS" start="2025-02-26T23:40:04.558874" elapsed="0.065017"/>
</kw>
<arg>5x</arg>
<arg>2s</arg>
<arg>Click Element</arg>
<arg>${locator}</arg>
<doc>Runs the specified keyword and retries if it fails.</doc>
<status status="PASS" start="2025-02-26T23:40:04.558465" elapsed="0.065559"/>
</kw>
<arg>locator=xpath=//span[text()="ย่อลิงค์"]</arg>
<status status="PASS" start="2025-02-26T23:40:04.557094" elapsed="0.067038"/>
</kw>
<kw name="Then CommonKeywords.Wait until page contains element then verify text" owner="CommonKeywords">
<kw name="Wait Until Keyword Succeeds" owner="BuiltIn">
<kw name="Page Should Contain" owner="SeleniumLibrary">
<msg time="2025-02-26T23:40:04.643506" level="INFO">Current page contains text 'ลิงค์สั้น'.</msg>
<arg>${expected_text}</arg>
<doc>Verifies that current page contains ``text``.</doc>
<status status="PASS" start="2025-02-26T23:40:04.626764" elapsed="0.016929"/>
</kw>
<arg>5x</arg>
<arg>2s</arg>
<arg>Page Should Contain</arg>
<arg>${expected_text}</arg>
<doc>Runs the specified keyword and retries if it fails.</doc>
<status status="PASS" start="2025-02-26T23:40:04.626358" elapsed="0.017456"/>
</kw>
<arg>expected_text=ลิงค์สั้น</arg>
<status status="PASS" start="2025-02-26T23:40:04.625202" elapsed="0.018723"/>
</kw>
<kw name="Then CommonKeywords.Wait until element is ready then click element" owner="CommonKeywords">
<kw name="Wait Until Keyword Succeeds" owner="BuiltIn">
<kw name="Click Element" owner="SeleniumLibrary">
<msg time="2025-02-26T23:40:04.648742" level="INFO">Clicking element 'xpath=//button[text()="คัดลอก"]'.</msg>
<msg time="2025-02-26T23:40:04.784608" level="INFO" html="true">&lt;/td&gt;&lt;/tr&gt;&lt;tr&gt;&lt;td colspan="3"&gt;&lt;a href="selenium-screenshot-81.png"&gt;&lt;img src="selenium-screenshot-81.png" width="800px"&gt;&lt;/a&gt;</msg>
<msg time="2025-02-26T23:40:04.784817" level="FAIL">ElementNotInteractableException: Message: element not interactable
  (Session info: chrome=131.0.6778.204)
Stacktrace:
#0 0x59018c9d61fa &lt;unknown&gt;
#1 0x59018c4e666d &lt;unknown&gt;
#2 0x59018c53666c &lt;unknown&gt;
#3 0x59018c52a1f5 &lt;unknown&gt;
#4 0x59018c559582 &lt;unknown&gt;
#5 0x59018c529b38 &lt;unknown&gt;
#6 0x59018c55974e &lt;unknown&gt;
#7 0x59018c578007 &lt;unknown&gt;
#8 0x59018c559323 &lt;unknown&gt;
#9 0x59018c527de0 &lt;unknown&gt;
#10 0x59018c528dbe &lt;unknown&gt;
#11 0x59018c9a212b &lt;unknown&gt;
#12 0x59018c9a60c7 &lt;unknown&gt;
#13 0x59018c98f6cc &lt;unknown&gt;
#14 0x59018c9a6c47 &lt;unknown&gt;
#15 0x59018c97467f &lt;unknown&gt;
#16 0x59018c9c5288 &lt;unknown&gt;
#17 0x59018c9c5450 &lt;unknown&gt;
#18 0x59018c9d5076 &lt;unknown&gt;
#19 0x7e3dbec9caa4 &lt;unknown&gt;
#20 0x7e3dbed29c3c &lt;unknown&gt;
</msg>
<arg>${locator}</arg>
<doc>Click the element identified by ``locator``.</doc>
<status status="FAIL" start="2025-02-26T23:40:04.648347" elapsed="0.138488">ElementNotInteractableException: Message: element not interactable
  (Session info: chrome=131.0.6778.204)
Stacktrace:
#0 0x59018c9d61fa &lt;unknown&gt;
#1 0x59018c4e666d &lt;unknown&gt;
#2 0x59018c53666c &lt;unknown&gt;
#3 0x59018c52a1f5 &lt;unknown&gt;
#4 0x59018c559582 &lt;unknown&gt;
#5 0x59018c529b38 &lt;unknown&gt;
#6 0x59018c55974e &lt;unknown&gt;
#7 0x59018c578007 &lt;unknown&gt;
#8 0x59018c559323 &lt;unknown&gt;
#9 0x59018c527de0 &lt;unknown&gt;
#10 0x59018c528dbe &lt;unknown&gt;
#11 0x59018c9a212b &lt;unknown&gt;
#12 0x59018c9a60c7 &lt;unknown&gt;
#13 0x59018c98f6cc &lt;unknown&gt;
#14 0x59018c9a6c47 &lt;unknown&gt;
#15 0x59018c97467f &lt;unknown&gt;
#16 0x59018c9c5288 &lt;unknown&gt;
#17 0x59018c9c5450 &lt;unknown&gt;
#18 0x59018c9d5076 &lt;unknown&gt;
#19 0x7e3dbec9caa4 &lt;unknown&gt;
#20 0x7e3dbed29c3c &lt;unknown&gt;
</status>
</kw>
<kw name="Click Element" owner="SeleniumLibrary">
<msg time="2025-02-26T23:40:06.788831" level="INFO">Clicking element 'xpath=//button[text()="คัดลอก"]'.</msg>
<arg>${locator}</arg>
<doc>Click the element identified by ``locator``.</doc>
<status status="PASS" start="2025-02-26T23:40:06.787629" elapsed="0.045414"/>
</kw>
<arg>5x</arg>
<arg>2s</arg>
<arg>Click Element</arg>
<arg>${locator}</arg>
<doc>Runs the specified keyword and retries if it fails.</doc>
<status status="PASS" start="2025-02-26T23:40:04.647725" elapsed="2.185462"/>
</kw>
<arg>locator=xpath=//button[text()="คัดลอก"]</arg>
<status status="PASS" start="2025-02-26T23:40:04.645756" elapsed="2.187542"/>
</kw>
<kw name="Then CommonKeywords.Wait until element is ready then click element" owner="CommonKeywords">
<kw name="Wait Until Keyword Succeeds" owner="BuiltIn">
<kw name="Click Element" owner="SeleniumLibrary">
<msg time="2025-02-26T23:40:06.836360" level="INFO">Clicking element 'xpath=//div[@class="modal-header border-0"]/button[@aria-label='Close']'.</msg>
<arg>${locator}</arg>
<doc>Click the element identified by ``locator``.</doc>
<status status="PASS" start="2025-02-26T23:40:06.836012" elapsed="0.071186"/>
</kw>
<arg>5x</arg>
<arg>2s</arg>
<arg>Click Element</arg>
<arg>${locator}</arg>
<doc>Runs the specified keyword and retries if it fails.</doc>
<status status="PASS" start="2025-02-26T23:40:06.835640" elapsed="0.071743"/>
</kw>
<arg>locator=xpath=//div[@class="modal-header border-0"]/button[@aria-label='Close']</arg>
<status status="PASS" start="2025-02-26T23:40:06.834288" elapsed="0.073238"/>
</kw>
<kw name="Then CommonKeywords.Wait until page contains element then verify not element" owner="CommonKeywords">
<kw name="Wait Until Keyword Succeeds" owner="BuiltIn">
<kw name="Page Should Not Contain Element" owner="SeleniumLibrary">
<msg time="2025-02-26T23:40:06.922933" level="INFO">Current page does not contain element 'xpath=//div[@class="modal fade show"]'.</msg>
<arg>${locator}</arg>
<doc>Verifies that element ``locator`` is not found on the current page.</doc>
<status status="PASS" start="2025-02-26T23:40:06.911824" elapsed="0.011277"/>
</kw>
<arg>7x</arg>
<arg>2s</arg>
<arg>Page Should Not Contain Element</arg>
<arg>${locator}</arg>
<doc>Runs the specified keyword and retries if it fails.</doc>
<status status="PASS" start="2025-02-26T23:40:06.911493" elapsed="0.011778"/>
</kw>
<arg>locator=xpath=//div[@class="modal fade show"]</arg>
<status status="PASS" start="2025-02-26T23:40:06.908985" elapsed="0.014451"/>
</kw>
<kw name="Then user logout from url.in.th platform" owner="HomePageKeywords">
<kw name="Wait until element is ready then click element" owner="CommonKeywords">
<kw name="Wait Until Keyword Succeeds" owner="BuiltIn">
<kw name="Click Element" owner="SeleniumLibrary">
<msg time="2025-02-26T23:40:06.927731" level="INFO">Clicking element 'xpath=//a[@data-bs-toggle="dropdown" and @href="#" and @class="nav-link dropdown-toggle d-none d-sm-inline-block"]'.</msg>
<arg>${locator}</arg>
<doc>Click the element identified by ``locator``.</doc>
<status status="PASS" start="2025-02-26T23:40:06.927403" elapsed="0.376724"/>
</kw>
<arg>5x</arg>
<arg>2s</arg>
<arg>Click Element</arg>
<arg>${locator}</arg>
<doc>Runs the specified keyword and retries if it fails.</doc>
<status status="PASS" start="2025-02-26T23:40:06.927064" elapsed="0.377214"/>
</kw>
<arg>locator=xpath=//a[@data-bs-toggle="dropdown" and @href="#" and @class="nav-link dropdown-toggle d-none d-sm-inline-block"]</arg>
<status status="PASS" start="2025-02-26T23:40:06.926656" elapsed="0.377762"/>
</kw>
<kw name="Wait until element is ready then click element" owner="CommonKeywords">
<kw name="Wait Until Keyword Succeeds" owner="BuiltIn">
<kw name="Click Element" owner="SeleniumLibrary">
<msg time="2025-02-26T23:40:07.305471" level="INFO">Clicking element '//a[@href="https://url.in.th/user/logout" and @class="dropdown-item"]'.</msg>
<arg>${locator}</arg>
<doc>Click the element identified by ``locator``.</doc>
<status status="PASS" start="2025-02-26T23:40:07.305214" elapsed="0.266287"/>
</kw>
<arg>5x</arg>
<arg>2s</arg>
<arg>Click Element</arg>
<arg>${locator}</arg>
<doc>Runs the specified keyword and retries if it fails.</doc>
<status status="PASS" start="2025-02-26T23:40:07.304948" elapsed="0.266836"/>
</kw>
<arg>locator=//a[@href="https://url.in.th/user/logout" and @class="dropdown-item"]</arg>
<status status="PASS" start="2025-02-26T23:40:07.304610" elapsed="0.267334"/>
</kw>
<kw name="Wait until page contains element then verify text" owner="CommonKeywords">
<kw name="Wait Until Keyword Succeeds" owner="BuiltIn">
<kw name="Page Should Contain" owner="SeleniumLibrary">
<msg time="2025-02-26T23:40:07.583777" level="INFO">Current page contains text 'คุณออกจากระบบเรียบร้อยแล้ว'.</msg>
<arg>${expected_text}</arg>
<doc>Verifies that current page contains ``text``.</doc>
<status status="PASS" start="2025-02-26T23:40:07.573462" elapsed="0.010473"/>
</kw>
<arg>5x</arg>
<arg>2s</arg>
<arg>Page Should Contain</arg>
<arg>${expected_text}</arg>
<doc>Runs the specified keyword and retries if it fails.</doc>
<status status="PASS" start="2025-02-26T23:40:07.573072" elapsed="0.011076"/>
</kw>
<arg>expected_text=คุณออกจากระบบเรียบร้อยแล้ว</arg>
<status status="PASS" start="2025-02-26T23:40:07.572307" elapsed="0.011999"/>
</kw>
<status status="PASS" start="2025-02-26T23:40:06.925035" elapsed="0.659365"/>
</kw>
<kw name="Close Browser" owner="SeleniumLibrary" type="TEARDOWN">
<doc>Closes the current browser.</doc>
<status status="PASS" start="2025-02-26T23:40:07.585852" elapsed="0.085916"/>
</kw>
<status status="PASS" start="2025-02-26T23:40:02.646605" elapsed="5.025329"/>
</test>
<test id="s1-t2" name="As a user, I fail to login with invalid credential" line="29">
<kw name="When Open Browser And Maximize">
<kw name="Open Browser" owner="SeleniumLibrary">
<msg time="2025-02-26T23:40:07.674013" level="INFO">Opening browser 'chrome' to base url 'https://url.in.th/#google_vignette'.</msg>
<arg>${baseUrl}</arg>
<arg>browser=chrome</arg>
<doc>Opens a new browser instance to the optional ``url``.</doc>
<status status="PASS" start="2025-02-26T23:40:07.673753" elapsed="2.568043"/>
</kw>
<kw name="Maximize Browser Window" owner="SeleniumLibrary">
<doc>Maximizes current browser window.</doc>
<status status="PASS" start="2025-02-26T23:40:10.241982" elapsed="0.039089"/>
</kw>
<status status="PASS" start="2025-02-26T23:40:07.673356" elapsed="2.607993"/>
</kw>
<kw name="Then LoginPageKeywords.user login to url.in.th platform with ${email} and ${invalid_password}" owner="LoginPageKeywords" source_name="user login to url.in.th platform with ${username} and ${password}">
<kw name="Wait until element is ready then click element" owner="CommonKeywords">
<kw name="Wait Until Keyword Succeeds" owner="BuiltIn">
<kw name="Click Element" owner="SeleniumLibrary">
<msg time="2025-02-26T23:40:10.291813" level="INFO">Clicking element 'xpath=//a[@class="nav-link" and text() = "เข้าสู่ระบบ"]'.</msg>
<arg>${locator}</arg>
<doc>Click the element identified by ``locator``.</doc>
<status status="PASS" start="2025-02-26T23:40:10.291470" elapsed="0.421536"/>
</kw>
<arg>5x</arg>
<arg>2s</arg>
<arg>Click Element</arg>
<arg>${locator}</arg>
<doc>Runs the specified keyword and retries if it fails.</doc>
<status status="PASS" start="2025-02-26T23:40:10.291154" elapsed="0.421997"/>
</kw>
<arg>xpath=//a[@class="nav-link" and text() = "เข้าสู่ระบบ"]</arg>
<status status="PASS" start="2025-02-26T23:40:10.290504" elapsed="0.422757"/>
</kw>
<kw name="Wait until element is ready then input text" owner="CommonKeywords">
<kw name="Wait Until Keyword Succeeds" owner="BuiltIn">
<kw name="Input Text" owner="SeleniumLibrary">
<msg time="2025-02-26T23:40:10.714317" level="INFO">Typing text 'pondteste23@gmail.com' into text field 'id=input-email'.</msg>
<arg>${locator}</arg>
<arg>${text}</arg>
<doc>Types the given ``text`` into the text field identified by ``locator``.</doc>
<status status="PASS" start="2025-02-26T23:40:10.714054" elapsed="0.075693"/>
</kw>
<arg>5x</arg>
<arg>2s</arg>
<arg>Input Text</arg>
<arg>${locator}</arg>
<arg>${text}</arg>
<doc>Runs the specified keyword and retries if it fails.</doc>
<status status="PASS" start="2025-02-26T23:40:10.713780" elapsed="0.076238"/>
</kw>
<arg>id=input-email</arg>
<arg>${username}</arg>
<status status="PASS" start="2025-02-26T23:40:10.713419" elapsed="0.076744"/>
</kw>
<kw name="Wait until element is ready then input text" owner="CommonKeywords">
<kw name="Wait Until Keyword Succeeds" owner="BuiltIn">
<kw name="Input Text" owner="SeleniumLibrary">
<msg time="2025-02-26T23:40:10.791333" level="INFO">Typing text 'Fedfe0991815920!' into text field 'id=input-password'.</msg>
<arg>${locator}</arg>
<arg>${text}</arg>
<doc>Types the given ``text`` into the text field identified by ``locator``.</doc>
<status status="PASS" start="2025-02-26T23:40:10.790975" elapsed="0.053005"/>
</kw>
<arg>5x</arg>
<arg>2s</arg>
<arg>Input Text</arg>
<arg>${locator}</arg>
<arg>${text}</arg>
<doc>Runs the specified keyword and retries if it fails.</doc>
<status status="PASS" start="2025-02-26T23:40:10.790716" elapsed="0.053444"/>
</kw>
<arg>id=input-password</arg>
<arg>${password}</arg>
<status status="PASS" start="2025-02-26T23:40:10.790339" elapsed="0.053941"/>
</kw>
<kw name="Wait until element is ready then click element" owner="CommonKeywords">
<kw name="Wait Until Keyword Succeeds" owner="BuiltIn">
<kw name="Click Element" owner="SeleniumLibrary">
<msg time="2025-02-26T23:40:10.845336" level="INFO">Clicking element 'xpath=//button[@type="submit" and text() = "เข้าสู่ระบบ"]'.</msg>
<arg>${locator}</arg>
<doc>Click the element identified by ``locator``.</doc>
<status status="PASS" start="2025-02-26T23:40:10.845090" elapsed="0.307309"/>
</kw>
<arg>5x</arg>
<arg>2s</arg>
<arg>Click Element</arg>
<arg>${locator}</arg>
<doc>Runs the specified keyword and retries if it fails.</doc>
<status status="PASS" start="2025-02-26T23:40:10.844825" elapsed="0.307749"/>
</kw>
<arg>xpath=//button[@type="submit" and text() = "เข้าสู่ระบบ"]</arg>
<status status="PASS" start="2025-02-26T23:40:10.844456" elapsed="0.308231"/>
</kw>
<status status="PASS" start="2025-02-26T23:40:10.281758" elapsed="0.871023"/>
</kw>
<kw name="Then LoginPageKeywords.url.in.th should display display validate login fail message as อีเมลและรหัสผ่านไม่ถูกต้อง" owner="LoginPageKeywords" source_name="url.in.th should display display validate login fail message as ${text}">
<kw name="Wait until page contains element then verify text" owner="CommonKeywords">
<kw name="Wait Until Keyword Succeeds" owner="BuiltIn">
<kw name="Page Should Contain" owner="SeleniumLibrary">
<msg time="2025-02-26T23:40:11.167432" level="INFO">Current page contains text 'อีเมลและรหัสผ่านไม่ถูกต้อง'.</msg>
<arg>${expected_text}</arg>
<doc>Verifies that current page contains ``text``.</doc>
<status status="PASS" start="2025-02-26T23:40:11.155930" elapsed="0.011666"/>
</kw>
<arg>5x</arg>
<arg>2s</arg>
<arg>Page Should Contain</arg>
<arg>${expected_text}</arg>
<doc>Runs the specified keyword and retries if it fails.</doc>
<status status="PASS" start="2025-02-26T23:40:11.155663" elapsed="0.012051"/>
</kw>
<arg>${text}</arg>
<status status="PASS" start="2025-02-26T23:40:11.155215" elapsed="0.012597"/>
</kw>
<status status="PASS" start="2025-02-26T23:40:11.153960" elapsed="0.013935"/>
</kw>
<kw name="Close Browser" owner="SeleniumLibrary" type="TEARDOWN">
<doc>Closes the current browser.</doc>
<status status="PASS" start="2025-02-26T23:40:11.169500" elapsed="0.063656"/>
</kw>
<status status="PASS" start="2025-02-26T23:40:07.672668" elapsed="3.560826"/>
</test>
<kw name="Close All Browsers" owner="SeleniumLibrary" type="TEARDOWN">
<doc>Closes all open browsers and resets the browser cache.</doc>
<status status="PASS" start="2025-02-26T23:40:11.234624" elapsed="0.000405"/>
</kw>
<status status="PASS" start="2025-02-26T23:39:58.382565" elapsed="12.852599"/>
</suite>
<statistics>
<total>
<stat pass="2" fail="0" skip="0">All Tests</stat>
</total>
<tag>
</tag>
<suite>
<stat name="LoginTestcases" id="s1" pass="2" fail="0" skip="0">LoginTestcases</stat>
</suite>
</statistics>
<errors>
</errors>
</robot>
